<?xml version="1.0" encoding="UTF-8"?>
<coverage generated="1756023830787" clover="3.2.0">
  <project timestamp="1756023830787" name="All files">
    <metrics statements="302" coveredstatements="239" conditionals="80" coveredconditionals="54" methods="56" coveredmethods="53" elements="438" coveredelements="346" complexity="0" loc="302" ncloc="302" packages="10" files="27" classes="27"/>
    <package name="src">
      <metrics statements="31" coveredstatements="4" conditionals="6" coveredconditionals="0" methods="4" coveredmethods="2"/>
      <file name="app.controller.ts" path="/Users/andysenclave/Projects/Projects2025/kriyo/apps/kriyo-api/src/app.controller.ts">
        <metrics statements="4" coveredstatements="4" conditionals="0" coveredconditionals="0" methods="2" coveredmethods="2"/>
        <line num="1" count="1" type="stmt"/>
        <line num="4" count="1" type="stmt"/>
        <line num="9" count="1" type="stmt"/>
        <line num="10" count="6" type="stmt"/>
      </file>
      <file name="app.module.ts" path="/Users/andysenclave/Projects/Projects2025/kriyo/apps/kriyo-api/src/app.module.ts">
        <metrics statements="14" coveredstatements="0" conditionals="2" coveredconditionals="0" methods="1" coveredmethods="0"/>
        <line num="1" count="0" type="stmt"/>
        <line num="2" count="0" type="stmt"/>
        <line num="3" count="0" type="stmt"/>
        <line num="4" count="0" type="stmt"/>
        <line num="5" count="0" type="stmt"/>
        <line num="6" count="0" type="stmt"/>
        <line num="7" count="0" type="stmt"/>
        <line num="8" count="0" type="stmt"/>
        <line num="9" count="0" type="stmt"/>
        <line num="21" count="0" type="stmt"/>
        <line num="22" count="0" type="cond" truecount="0" falsecount="2"/>
        <line num="24" count="0" type="stmt"/>
        <line num="25" count="0" type="stmt"/>
        <line num="27" count="0" type="stmt"/>
      </file>
      <file name="main.ts" path="/Users/andysenclave/Projects/Projects2025/kriyo/apps/kriyo-api/src/main.ts">
        <metrics statements="13" coveredstatements="0" conditionals="4" coveredconditionals="0" methods="1" coveredmethods="0"/>
        <line num="1" count="0" type="stmt"/>
        <line num="3" count="0" type="stmt"/>
        <line num="4" count="0" type="stmt"/>
        <line num="5" count="0" type="stmt"/>
        <line num="6" count="0" type="stmt"/>
        <line num="9" count="0" type="stmt"/>
        <line num="10" count="0" type="cond" truecount="0" falsecount="2"/>
        <line num="12" count="0" type="stmt"/>
        <line num="14" count="0" type="stmt"/>
        <line num="19" count="0" type="stmt"/>
        <line num="20" count="0" type="stmt"/>
        <line num="22" count="0" type="stmt"/>
        <line num="24" count="0" type="stmt"/>
      </file>
    </package>
    <package name="src.auth">
      <metrics statements="22" coveredstatements="10" conditionals="8" coveredconditionals="2" methods="2" coveredmethods="1"/>
      <file name="auth.guard.ts" path="/Users/andysenclave/Projects/Projects2025/kriyo/apps/kriyo-api/src/auth/auth.guard.ts">
        <metrics statements="7" coveredstatements="7" conditionals="2" coveredconditionals="2" methods="1" coveredmethods="1"/>
        <line num="1" count="5" type="stmt"/>
        <line num="10" count="5" type="stmt"/>
        <line num="12" count="6" type="stmt"/>
        <line num="14" count="6" type="stmt"/>
        <line num="16" count="6" type="cond" truecount="2" falsecount="0"/>
        <line num="17" count="5" type="stmt"/>
        <line num="20" count="1" type="stmt"/>
      </file>
      <file name="user.decorator.ts" path="/Users/andysenclave/Projects/Projects2025/kriyo/apps/kriyo-api/src/auth/user.decorator.ts">
        <metrics statements="15" coveredstatements="3" conditionals="6" coveredconditionals="0" methods="1" coveredmethods="0"/>
        <line num="1" count="4" type="stmt"/>
        <line num="3" count="4" type="stmt"/>
        <line num="11" count="4" type="stmt"/>
        <line num="13" count="0" type="stmt"/>
        <line num="15" count="0" type="stmt"/>
        <line num="17" count="0" type="cond" truecount="0" falsecount="2"/>
        <line num="18" count="0" type="stmt"/>
        <line num="21" count="0" type="stmt"/>
        <line num="22" count="0" type="stmt"/>
        <line num="24" count="0" type="stmt"/>
        <line num="33" count="0" type="cond" truecount="0" falsecount="2"/>
        <line num="34" count="0" type="stmt"/>
        <line num="41" count="0" type="stmt"/>
        <line num="43" count="0" type="stmt"/>
        <line num="44" count="0" type="stmt"/>
      </file>
    </package>
    <package name="src.modules.dashboard">
      <metrics statements="44" coveredstatements="39" conditionals="10" coveredconditionals="8" methods="9" coveredmethods="9"/>
      <file name="dashboard.controller.ts" path="/Users/andysenclave/Projects/Projects2025/kriyo/apps/kriyo-api/src/modules/dashboard/dashboard.controller.ts">
        <metrics statements="10" coveredstatements="10" conditionals="4" coveredconditionals="3" methods="3" coveredmethods="3"/>
        <line num="1" count="1" type="stmt"/>
        <line num="2" count="1" type="stmt"/>
        <line num="3" count="1" type="stmt"/>
        <line num="5" count="1" type="stmt"/>
        <line num="9" count="1" type="stmt"/>
        <line num="10" count="5" type="cond" truecount="3" falsecount="1"/>
        <line num="14" count="1" type="stmt"/>
        <line num="15" count="2" type="stmt"/>
        <line num="20" count="1" type="stmt"/>
        <line num="21" count="2" type="stmt"/>
      </file>
      <file name="dashboard.module.ts" path="/Users/andysenclave/Projects/Projects2025/kriyo/apps/kriyo-api/src/modules/dashboard/dashboard.module.ts">
        <metrics statements="5" coveredstatements="0" conditionals="0" coveredconditionals="0" methods="0" coveredmethods="0"/>
        <line num="1" count="0" type="stmt"/>
        <line num="2" count="0" type="stmt"/>
        <line num="3" count="0" type="stmt"/>
        <line num="4" count="0" type="stmt"/>
        <line num="11" count="0" type="stmt"/>
      </file>
      <file name="dashboard.service.ts" path="/Users/andysenclave/Projects/Projects2025/kriyo/apps/kriyo-api/src/modules/dashboard/dashboard.service.ts">
        <metrics statements="29" coveredstatements="29" conditionals="6" coveredconditionals="5" methods="6" coveredmethods="6"/>
        <line num="1" count="2" type="stmt"/>
        <line num="3" count="2" type="stmt"/>
        <line num="4" count="2" type="stmt"/>
        <line num="7" count="2" type="stmt"/>
        <line num="8" count="11" type="stmt"/>
        <line num="10" count="11" type="cond" truecount="3" falsecount="1"/>
        <line num="13" count="8" type="stmt"/>
        <line num="14" count="8" type="stmt"/>
        <line num="16" count="8" type="stmt"/>
        <line num="21" count="6" type="stmt"/>
        <line num="23" count="6" type="stmt"/>
        <line num="24" count="22" type="stmt"/>
        <line num="26" count="6" type="stmt"/>
        <line num="27" count="22" type="stmt"/>
        <line num="29" count="6" type="stmt"/>
        <line num="31" count="19" type="cond" truecount="2" falsecount="0"/>
        <line num="32" count="9" type="stmt"/>
        <line num="36" count="10" type="stmt"/>
        <line num="40" count="6" type="stmt"/>
        <line num="42" count="6" type="stmt"/>
        <line num="48" count="2" type="stmt"/>
        <line num="52" count="2" type="stmt"/>
        <line num="57" count="4" type="stmt"/>
        <line num="58" count="4" type="stmt"/>
        <line num="60" count="4" type="stmt"/>
        <line num="65" count="2" type="stmt"/>
        <line num="67" count="2" type="stmt"/>
        <line num="71" count="2" type="stmt"/>
        <line num="75" count="2" type="stmt"/>
      </file>
    </package>
    <package name="src.modules.profile">
      <metrics statements="35" coveredstatements="30" conditionals="12" coveredconditionals="9" methods="6" coveredmethods="6"/>
      <file name="profile.controller.ts" path="/Users/andysenclave/Projects/Projects2025/kriyo/apps/kriyo-api/src/modules/profile/profile.controller.ts">
        <metrics statements="11" coveredstatements="11" conditionals="8" coveredconditionals="6" methods="3" coveredmethods="3"/>
        <line num="1" count="1" type="stmt"/>
        <line num="2" count="1" type="stmt"/>
        <line num="3" count="1" type="stmt"/>
        <line num="5" count="1" type="stmt"/>
        <line num="6" count="1" type="stmt"/>
        <line num="10" count="1" type="stmt"/>
        <line num="11" count="6" type="cond" truecount="3" falsecount="1"/>
        <line num="15" count="1" type="stmt"/>
        <line num="16" count="2" type="stmt"/>
        <line num="21" count="1" type="stmt"/>
        <line num="25" count="3" type="stmt"/>
      </file>
      <file name="profile.module.ts" path="/Users/andysenclave/Projects/Projects2025/kriyo/apps/kriyo-api/src/modules/profile/profile.module.ts">
        <metrics statements="5" coveredstatements="0" conditionals="0" coveredconditionals="0" methods="0" coveredmethods="0"/>
        <line num="1" count="0" type="stmt"/>
        <line num="2" count="0" type="stmt"/>
        <line num="3" count="0" type="stmt"/>
        <line num="4" count="0" type="stmt"/>
        <line num="11" count="0" type="stmt"/>
      </file>
      <file name="profile.service.ts" path="/Users/andysenclave/Projects/Projects2025/kriyo/apps/kriyo-api/src/modules/profile/profile.service.ts">
        <metrics statements="19" coveredstatements="19" conditionals="4" coveredconditionals="3" methods="3" coveredmethods="3"/>
        <line num="1" count="2" type="stmt"/>
        <line num="6" count="2" type="stmt"/>
        <line num="10" count="2" type="stmt"/>
        <line num="11" count="11" type="stmt"/>
        <line num="13" count="11" type="cond" truecount="3" falsecount="1"/>
        <line num="15" count="5" type="stmt"/>
        <line num="16" count="5" type="stmt"/>
        <line num="18" count="5" type="stmt"/>
        <line num="23" count="2" type="stmt"/>
        <line num="25" count="2" type="stmt"/>
        <line num="29" count="3" type="stmt"/>
        <line num="33" count="3" type="stmt"/>
        <line num="40" count="7" type="stmt"/>
        <line num="41" count="7" type="stmt"/>
        <line num="43" count="7" type="stmt"/>
        <line num="49" count="4" type="stmt"/>
        <line num="51" count="4" type="stmt"/>
        <line num="55" count="3" type="stmt"/>
        <line num="59" count="3" type="stmt"/>
      </file>
    </package>
    <package name="src.modules.profile.dtos">
      <metrics statements="2" coveredstatements="2" conditionals="0" coveredconditionals="0" methods="1" coveredmethods="1"/>
      <file name="index.ts" path="/Users/andysenclave/Projects/Projects2025/kriyo/apps/kriyo-api/src/modules/profile/dtos/index.ts">
        <metrics statements="1" coveredstatements="1" conditionals="0" coveredconditionals="0" methods="1" coveredmethods="1"/>
        <line num="1" count="3" type="stmt"/>
      </file>
      <file name="update-user.dto.ts" path="/Users/andysenclave/Projects/Projects2025/kriyo/apps/kriyo-api/src/modules/profile/dtos/update-user.dto.ts">
        <metrics statements="1" coveredstatements="1" conditionals="0" coveredconditionals="0" methods="0" coveredmethods="0"/>
        <line num="7" count="1" type="stmt"/>
      </file>
    </package>
    <package name="src.modules.projects">
      <metrics statements="63" coveredstatements="58" conditionals="16" coveredconditionals="12" methods="12" coveredmethods="12"/>
      <file name="projects.controller.ts" path="/Users/andysenclave/Projects/Projects2025/kriyo/apps/kriyo-api/src/modules/projects/projects.controller.ts">
        <metrics statements="17" coveredstatements="17" conditionals="12" coveredconditionals="9" methods="6" coveredmethods="6"/>
        <line num="1" count="1" type="stmt"/>
        <line num="12" count="1" type="stmt"/>
        <line num="13" count="1" type="stmt"/>
        <line num="15" count="1" type="stmt"/>
        <line num="16" count="1" type="stmt"/>
        <line num="19" count="1" type="stmt"/>
        <line num="20" count="11" type="cond" truecount="3" falsecount="1"/>
        <line num="25" count="1" type="stmt"/>
        <line num="26" count="2" type="stmt"/>
        <line num="32" count="1" type="stmt"/>
        <line num="36" count="2" type="stmt"/>
        <line num="42" count="1" type="stmt"/>
        <line num="47" count="2" type="stmt"/>
        <line num="57" count="1" type="stmt"/>
        <line num="61" count="2" type="stmt"/>
        <line num="67" count="1" type="stmt"/>
        <line num="68" count="2" type="stmt"/>
      </file>
      <file name="projects.module.ts" path="/Users/andysenclave/Projects/Projects2025/kriyo/apps/kriyo-api/src/modules/projects/projects.module.ts">
        <metrics statements="5" coveredstatements="0" conditionals="0" coveredconditionals="0" methods="0" coveredmethods="0"/>
        <line num="1" count="0" type="stmt"/>
        <line num="2" count="0" type="stmt"/>
        <line num="3" count="0" type="stmt"/>
        <line num="4" count="0" type="stmt"/>
        <line num="11" count="0" type="stmt"/>
      </file>
      <file name="projects.service.ts" path="/Users/andysenclave/Projects/Projects2025/kriyo/apps/kriyo-api/src/modules/projects/projects.service.ts">
        <metrics statements="41" coveredstatements="41" conditionals="4" coveredconditionals="3" methods="6" coveredmethods="6"/>
        <line num="1" count="2" type="stmt"/>
        <line num="7" count="2" type="stmt"/>
        <line num="11" count="2" type="stmt"/>
        <line num="12" count="21" type="stmt"/>
        <line num="14" count="21" type="cond" truecount="3" falsecount="1"/>
        <line num="16" count="6" type="stmt"/>
        <line num="17" count="6" type="stmt"/>
        <line num="19" count="6" type="stmt"/>
        <line num="24" count="3" type="stmt"/>
        <line num="26" count="3" type="stmt"/>
        <line num="30" count="3" type="stmt"/>
        <line num="34" count="3" type="stmt"/>
        <line num="41" count="5" type="stmt"/>
        <line num="42" count="5" type="stmt"/>
        <line num="47" count="5" type="stmt"/>
        <line num="51" count="5" type="stmt"/>
        <line num="57" count="3" type="stmt"/>
        <line num="59" count="3" type="stmt"/>
        <line num="63" count="2" type="stmt"/>
        <line num="67" count="2" type="stmt"/>
        <line num="78" count="5" type="stmt"/>
        <line num="79" count="5" type="stmt"/>
        <line num="83" count="5" type="stmt"/>
        <line num="89" count="3" type="stmt"/>
        <line num="91" count="3" type="stmt"/>
        <line num="95" count="2" type="stmt"/>
        <line num="99" count="2" type="stmt"/>
        <line num="106" count="4" type="stmt"/>
        <line num="107" count="4" type="stmt"/>
        <line num="109" count="4" type="stmt"/>
        <line num="111" count="2" type="stmt"/>
        <line num="113" count="2" type="stmt"/>
        <line num="117" count="2" type="stmt"/>
        <line num="121" count="2" type="stmt"/>
        <line num="128" count="5" type="stmt"/>
        <line num="129" count="5" type="stmt"/>
        <line num="131" count="5" type="stmt"/>
        <line num="136" count="3" type="stmt"/>
        <line num="138" count="3" type="stmt"/>
        <line num="142" count="2" type="stmt"/>
        <line num="146" count="2" type="stmt"/>
      </file>
    </package>
    <package name="src.modules.projects.dtos">
      <metrics statements="4" coveredstatements="4" conditionals="0" coveredconditionals="0" methods="2" coveredmethods="2"/>
      <file name="create-project.dto.ts" path="/Users/andysenclave/Projects/Projects2025/kriyo/apps/kriyo-api/src/modules/projects/dtos/create-project.dto.ts">
        <metrics statements="1" coveredstatements="1" conditionals="0" coveredconditionals="0" methods="0" coveredmethods="0"/>
        <line num="12" count="1" type="stmt"/>
      </file>
      <file name="index.ts" path="/Users/andysenclave/Projects/Projects2025/kriyo/apps/kriyo-api/src/modules/projects/dtos/index.ts">
        <metrics statements="2" coveredstatements="2" conditionals="0" coveredconditionals="0" methods="2" coveredmethods="2"/>
        <line num="1" count="3" type="stmt"/>
        <line num="2" count="3" type="stmt"/>
      </file>
      <file name="update-project.dto.ts" path="/Users/andysenclave/Projects/Projects2025/kriyo/apps/kriyo-api/src/modules/projects/dtos/update-project.dto.ts">
        <metrics statements="1" coveredstatements="1" conditionals="0" coveredconditionals="0" methods="0" coveredmethods="0"/>
        <line num="12" count="1" type="stmt"/>
      </file>
    </package>
    <package name="src.modules.tasks">
      <metrics statements="72" coveredstatements="67" conditionals="16" coveredconditionals="12" methods="14" coveredmethods="14"/>
      <file name="tasks.controller.ts" path="/Users/andysenclave/Projects/Projects2025/kriyo/apps/kriyo-api/src/modules/tasks/tasks.controller.ts">
        <metrics statements="19" coveredstatements="19" conditionals="12" coveredconditionals="9" methods="7" coveredmethods="7"/>
        <line num="1" count="1" type="stmt"/>
        <line num="12" count="1" type="stmt"/>
        <line num="13" count="1" type="stmt"/>
        <line num="15" count="1" type="stmt"/>
        <line num="16" count="1" type="stmt"/>
        <line num="19" count="1" type="stmt"/>
        <line num="20" count="13" type="cond" truecount="3" falsecount="1"/>
        <line num="25" count="1" type="stmt"/>
        <line num="26" count="2" type="stmt"/>
        <line num="32" count="1" type="stmt"/>
        <line num="36" count="2" type="stmt"/>
        <line num="42" count="1" type="stmt"/>
        <line num="46" count="2" type="stmt"/>
        <line num="52" count="1" type="stmt"/>
        <line num="57" count="2" type="stmt"/>
        <line num="63" count="1" type="stmt"/>
        <line num="67" count="2" type="stmt"/>
        <line num="73" count="1" type="stmt"/>
        <line num="74" count="2" type="stmt"/>
      </file>
      <file name="tasks.module.ts" path="/Users/andysenclave/Projects/Projects2025/kriyo/apps/kriyo-api/src/modules/tasks/tasks.module.ts">
        <metrics statements="5" coveredstatements="0" conditionals="0" coveredconditionals="0" methods="0" coveredmethods="0"/>
        <line num="1" count="0" type="stmt"/>
        <line num="2" count="0" type="stmt"/>
        <line num="3" count="0" type="stmt"/>
        <line num="4" count="0" type="stmt"/>
        <line num="11" count="0" type="stmt"/>
      </file>
      <file name="tasks.service.ts" path="/Users/andysenclave/Projects/Projects2025/kriyo/apps/kriyo-api/src/modules/tasks/tasks.service.ts">
        <metrics statements="48" coveredstatements="48" conditionals="4" coveredconditionals="3" methods="7" coveredmethods="7"/>
        <line num="1" count="2" type="stmt"/>
        <line num="7" count="2" type="stmt"/>
        <line num="11" count="2" type="stmt"/>
        <line num="12" count="25" type="stmt"/>
        <line num="14" count="25" type="cond" truecount="3" falsecount="1"/>
        <line num="16" count="6" type="stmt"/>
        <line num="17" count="6" type="stmt"/>
        <line num="19" count="6" type="stmt"/>
        <line num="24" count="3" type="stmt"/>
        <line num="26" count="3" type="stmt"/>
        <line num="30" count="3" type="stmt"/>
        <line num="34" count="3" type="stmt"/>
        <line num="41" count="5" type="stmt"/>
        <line num="42" count="5" type="stmt"/>
        <line num="46" count="5" type="stmt"/>
        <line num="51" count="3" type="stmt"/>
        <line num="55" count="3" type="stmt"/>
        <line num="59" count="2" type="stmt"/>
        <line num="63" count="2" type="stmt"/>
        <line num="70" count="5" type="stmt"/>
        <line num="71" count="5" type="stmt"/>
        <line num="76" count="5" type="stmt"/>
        <line num="80" count="5" type="stmt"/>
        <line num="86" count="3" type="stmt"/>
        <line num="88" count="3" type="stmt"/>
        <line num="92" count="2" type="stmt"/>
        <line num="96" count="2" type="stmt"/>
        <line num="107" count="5" type="stmt"/>
        <line num="108" count="5" type="stmt"/>
        <line num="112" count="5" type="stmt"/>
        <line num="118" count="3" type="stmt"/>
        <line num="120" count="3" type="stmt"/>
        <line num="124" count="2" type="stmt"/>
        <line num="128" count="2" type="stmt"/>
        <line num="135" count="4" type="stmt"/>
        <line num="136" count="4" type="stmt"/>
        <line num="138" count="4" type="stmt"/>
        <line num="140" count="2" type="stmt"/>
        <line num="142" count="2" type="stmt"/>
        <line num="146" count="2" type="stmt"/>
        <line num="150" count="2" type="stmt"/>
        <line num="157" count="5" type="stmt"/>
        <line num="158" count="5" type="stmt"/>
        <line num="160" count="5" type="stmt"/>
        <line num="165" count="3" type="stmt"/>
        <line num="167" count="3" type="stmt"/>
        <line num="171" count="2" type="stmt"/>
        <line num="175" count="2" type="stmt"/>
      </file>
    </package>
    <package name="src.modules.tasks.dtos">
      <metrics statements="4" coveredstatements="4" conditionals="0" coveredconditionals="0" methods="0" coveredmethods="0"/>
      <file name="create-task.dto.ts" path="/Users/andysenclave/Projects/Projects2025/kriyo/apps/kriyo-api/src/modules/tasks/dtos/create-task.dto.ts">
        <metrics statements="1" coveredstatements="1" conditionals="0" coveredconditionals="0" methods="0" coveredmethods="0"/>
        <line num="1" count="1" type="stmt"/>
      </file>
      <file name="index.ts" path="/Users/andysenclave/Projects/Projects2025/kriyo/apps/kriyo-api/src/modules/tasks/dtos/index.ts">
        <metrics statements="2" coveredstatements="2" conditionals="0" coveredconditionals="0" methods="0" coveredmethods="0"/>
        <line num="1" count="1" type="stmt"/>
        <line num="2" count="1" type="stmt"/>
      </file>
      <file name="update-task.dto.ts" path="/Users/andysenclave/Projects/Projects2025/kriyo/apps/kriyo-api/src/modules/tasks/dtos/update-task.dto.ts">
        <metrics statements="1" coveredstatements="1" conditionals="0" coveredconditionals="0" methods="0" coveredmethods="0"/>
        <line num="1" count="1" type="stmt"/>
      </file>
    </package>
    <package name="src.services">
      <metrics statements="25" coveredstatements="21" conditionals="12" coveredconditionals="11" methods="6" coveredmethods="6"/>
      <file name="http-client.service.ts" path="/Users/andysenclave/Projects/Projects2025/kriyo/apps/kriyo-api/src/services/http-client.service.ts">
        <metrics statements="21" coveredstatements="21" conditionals="12" coveredconditionals="11" methods="6" coveredmethods="6"/>
        <line num="1" count="9" type="stmt"/>
        <line num="2" count="9" type="stmt"/>
        <line num="3" count="9" type="stmt"/>
        <line num="6" count="9" type="stmt"/>
        <line num="7" count="20" type="stmt"/>
        <line num="9" count="20" type="cond" truecount="3" falsecount="1"/>
        <line num="11" count="20" type="stmt"/>
        <line num="19" count="18" type="stmt"/>
        <line num="30" count="9" type="stmt"/>
        <line num="31" count="9" type="stmt"/>
        <line num="32" count="9" type="stmt"/>
        <line num="35" count="8" type="stmt"/>
        <line num="44" count="3" type="stmt"/>
        <line num="45" count="3" type="stmt"/>
        <line num="48" count="2" type="stmt"/>
        <line num="57" count="3" type="stmt"/>
        <line num="58" count="3" type="stmt"/>
        <line num="61" count="2" type="stmt"/>
        <line num="69" count="3" type="stmt"/>
        <line num="70" count="3" type="stmt"/>
        <line num="73" count="2" type="stmt"/>
      </file>
      <file name="services.module.ts" path="/Users/andysenclave/Projects/Projects2025/kriyo/apps/kriyo-api/src/services/services.module.ts">
        <metrics statements="4" coveredstatements="0" conditionals="0" coveredconditionals="0" methods="0" coveredmethods="0"/>
        <line num="1" count="0" type="stmt"/>
        <line num="2" count="0" type="stmt"/>
        <line num="3" count="0" type="stmt"/>
        <line num="10" count="0" type="stmt"/>
      </file>
    </package>
  </project>
</coverage>
