{"/Users/andysenclave/Projects/Projects2025/kriyo/apps/kriyo-api/src/modules/user-sync/user-sync.service.ts": {"path":"/Users/andysenclave/Projects/Projects2025/kriyo/apps/kriyo-api/src/modules/user-sync/user-sync.service.ts","statementMap":{"0":{"start":{"line":1,"column":0},"end":{"line":1,"column":null}},"1":{"start":{"line":7,"column":0},"end":{"line":7,"column":71}},"2":{"start":{"line":10,"column":28},"end":{"line":39,"column":null}},"3":{"start":{"line":11,"column":28},"end":{"line":11,"column":60}},"4":{"start":{"line":12,"column":31},"end":{"line":12,"column":50}},"5":{"start":{"line":15,"column":4},"end":{"line":37,"column":5}},"6":{"start":{"line":16,"column":6},"end":{"line":16,"column":67}},"7":{"start":{"line":18,"column":28},"end":{"line":20,"column":null}},"8":{"start":{"line":23,"column":6},"end":{"line":23,"column":66}},"9":{"start":{"line":25,"column":6},"end":{"line":28,"column":10}},"10":{"start":{"line":25,"column":34},"end":{"line":28,"column":8}},"11":{"start":{"line":30,"column":6},"end":{"line":33,"column":8}},"12":{"start":{"line":34,"column":6},"end":{"line":36,"column":8}},"13":{"start":{"line":10,"column":13},"end":{"line":10,"column":28}},"14":{"start":{"line":10,"column":13},"end":{"line":39,"column":null}}},"fnMap":{"0":{"name":"(anonymous_2)","decl":{"start":{"line":12,"column":2},"end":{"line":12,"column":31}},"loc":{"start":{"line":12,"column":67},"end":{"line":12,"column":71}}},"1":{"name":"(anonymous_3)","decl":{"start":{"line":14,"column":2},"end":{"line":14,"column":7}},"loc":{"start":{"line":14,"column":35},"end":{"line":38,"column":3}}},"2":{"name":"(anonymous_4)","decl":{"start":{"line":25,"column":23},"end":{"line":25,"column":24}},"loc":{"start":{"line":25,"column":34},"end":{"line":28,"column":8}}}},"branchMap":{"0":{"loc":{"start":{"line":12,"column":50},"end":{"line":12,"column":70}},"type":"cond-expr","locations":[{"start":{"line":12,"column":67},"end":{"line":12,"column":70}},{"start":{"line":12,"column":67},"end":{"line":12,"column":70}}]},"1":{"loc":{"start":{"line":12,"column":50},"end":{"line":12,"column":67}},"type":"binary-expr","locations":[{"start":{"line":12,"column":50},"end":{"line":12,"column":70}},{"start":{"line":12,"column":50},"end":{"line":12,"column":67}}]}},"s":{"0":1,"1":1,"2":1,"3":10,"4":10,"5":9,"6":9,"7":9,"8":5,"9":5,"10":5,"11":4,"12":4,"13":1,"14":1},"f":{"0":10,"1":9,"2":5},"b":{"0":[1,0],"1":[1,1]}}
}
