TN:
SF:src/app.controller.ts
FN:5,(anonymous_2)
FN:9,(anonymous_3)
FNF:2
FNH:2
FNDA:6,(anonymous_2)
FNDA:6,(anonymous_3)
DA:1,1
DA:4,1
DA:9,1
DA:10,6
LF:4
LH:4
BRF:0
BRH:0
end_of_record
TN:
SF:src/app.module.ts
FN:23,(anonymous_1)
FNF:1
FNH:0
FNDA:0,(anonymous_1)
DA:1,0
DA:2,0
DA:3,0
DA:4,0
DA:5,0
DA:6,0
DA:7,0
DA:8,0
DA:9,0
DA:21,0
DA:22,0
DA:24,0
DA:25,0
DA:27,0
LF:14
LH:0
BRDA:22,0,0,0
BRDA:22,0,1,0
BRF:2
BRH:0
end_of_record
TN:
SF:src/main.ts
FN:8,bootstrap
FNF:1
FNH:0
FNDA:0,bootstrap
DA:1,0
DA:3,0
DA:4,0
DA:5,0
DA:6,0
DA:9,0
DA:10,0
DA:12,0
DA:14,0
DA:19,0
DA:20,0
DA:22,0
DA:24,0
LF:13
LH:0
BRDA:10,0,0,0
BRDA:10,0,1,0
BRDA:15,1,0,0
BRDA:15,1,1,0
BRF:4
BRH:0
end_of_record
TN:
SF:src/auth/auth.guard.ts
FN:11,(anonymous_1)
FNF:1
FNH:1
FNDA:6,(anonymous_1)
DA:1,5
DA:10,5
DA:12,6
DA:14,6
DA:16,6
DA:17,5
DA:20,1
LF:7
LH:7
BRDA:16,0,0,5
BRDA:16,0,1,1
BRF:2
BRH:2
end_of_record
TN:
SF:src/auth/user.decorator.ts
FN:12,(anonymous_1)
FNF:1
FNH:0
FNDA:0,(anonymous_1)
DA:1,4
DA:3,4
DA:11,4
DA:13,0
DA:15,0
DA:17,0
DA:18,0
DA:21,0
DA:22,0
DA:24,0
DA:33,0
DA:34,0
DA:41,0
DA:43,0
DA:44,0
LF:15
LH:3
BRDA:17,0,0,0
BRDA:17,0,1,0
BRDA:33,1,0,0
BRDA:33,1,1,0
BRDA:37,2,0,0
BRDA:37,2,1,0
BRF:6
BRH:0
end_of_record
TN:
SF:src/modules/dashboard/dashboard.controller.ts
FN:10,(anonymous_4)
FN:14,(anonymous_5)
FN:20,(anonymous_6)
FNF:3
FNH:3
FNDA:5,(anonymous_4)
FNDA:2,(anonymous_5)
FNDA:2,(anonymous_6)
DA:1,1
DA:2,1
DA:3,1
DA:5,1
DA:9,1
DA:10,5
DA:14,1
DA:15,2
DA:20,1
DA:21,2
LF:10
LH:10
BRDA:10,0,0,1
BRDA:10,0,1,0
BRDA:10,1,0,1
BRDA:10,1,1,1
BRF:4
BRH:3
end_of_record
TN:
SF:src/modules/dashboard/dashboard.module.ts
FNF:0
FNH:0
DA:1,0
DA:2,0
DA:3,0
DA:4,0
DA:11,0
LF:5
LH:0
BRF:0
BRH:0
end_of_record
TN:
SF:src/modules/dashboard/dashboard.service.ts
FN:10,(anonymous_2)
FN:12,(anonymous_3)
FN:24,(anonymous_4)
FN:27,(anonymous_5)
FN:30,(anonymous_6)
FN:56,(anonymous_7)
FNF:6
FNH:6
FNDA:11,(anonymous_2)
FNDA:8,(anonymous_3)
FNDA:22,(anonymous_4)
FNDA:22,(anonymous_5)
FNDA:19,(anonymous_6)
FNDA:4,(anonymous_7)
DA:1,2
DA:3,2
DA:4,2
DA:7,2
DA:8,11
DA:10,11
DA:13,8
DA:14,8
DA:16,8
DA:21,6
DA:23,6
DA:24,22
DA:26,6
DA:27,22
DA:29,6
DA:31,19
DA:32,9
DA:36,10
DA:40,6
DA:42,6
DA:48,2
DA:52,2
DA:57,4
DA:58,4
DA:60,4
DA:65,2
DA:67,2
DA:71,2
DA:75,2
LF:29
LH:29
BRDA:31,0,0,9
BRDA:31,0,1,10
BRDA:10,1,0,2
BRDA:10,1,1,0
BRDA:10,2,0,2
BRDA:10,2,1,2
BRF:6
BRH:5
end_of_record
TN:
SF:src/modules/profile/profile.controller.ts
FN:11,(anonymous_4)
FN:15,(anonymous_5)
FN:21,(anonymous_6)
FNF:3
FNH:3
FNDA:6,(anonymous_4)
FNDA:2,(anonymous_5)
FNDA:3,(anonymous_6)
DA:1,1
DA:2,1
DA:3,1
DA:5,1
DA:6,1
DA:10,1
DA:11,6
DA:15,1
DA:16,2
DA:21,1
DA:25,3
LF:11
LH:11
BRDA:23,0,0,1
BRDA:23,0,1,0
BRDA:23,1,0,1
BRDA:23,1,1,1
BRDA:11,2,0,1
BRDA:11,2,1,0
BRDA:11,3,0,1
BRDA:11,3,1,1
BRF:8
BRH:6
end_of_record
TN:
SF:src/modules/profile/profile.module.ts
FNF:0
FNH:0
DA:1,0
DA:2,0
DA:3,0
DA:4,0
DA:11,0
LF:5
LH:0
BRF:0
BRH:0
end_of_record
TN:
SF:src/modules/profile/profile.service.ts
FN:13,(anonymous_2)
FN:14,(anonymous_3)
FN:39,(anonymous_4)
FNF:3
FNH:3
FNDA:11,(anonymous_2)
FNDA:5,(anonymous_3)
FNDA:7,(anonymous_4)
DA:1,2
DA:6,2
DA:10,2
DA:11,11
DA:13,11
DA:15,5
DA:16,5
DA:18,5
DA:23,2
DA:25,2
DA:29,3
DA:33,3
DA:40,7
DA:41,7
DA:43,7
DA:49,4
DA:51,4
DA:55,3
DA:59,3
LF:19
LH:19
BRDA:13,0,0,2
BRDA:13,0,1,0
BRDA:13,1,0,2
BRDA:13,1,1,2
BRF:4
BRH:3
end_of_record
TN:
SF:src/modules/profile/dtos/index.ts
FN:1,(anonymous_1)
FNF:1
FNH:1
FNDA:2,(anonymous_1)
DA:1,3
LF:1
LH:1
BRF:0
BRH:0
end_of_record
TN:
SF:src/modules/profile/dtos/update-user.dto.ts
FNF:0
FNH:0
DA:7,1
LF:1
LH:1
BRF:0
BRH:0
end_of_record
TN:
SF:src/modules/projects/projects.controller.ts
FN:20,(anonymous_4)
FN:25,(anonymous_5)
FN:32,(anonymous_6)
FN:42,(anonymous_7)
FN:57,(anonymous_8)
FN:67,(anonymous_9)
FNF:6
FNH:6
FNDA:11,(anonymous_4)
FNDA:2,(anonymous_5)
FNDA:2,(anonymous_6)
FNDA:2,(anonymous_7)
FNDA:2,(anonymous_8)
FNDA:2,(anonymous_9)
DA:1,1
DA:12,1
DA:13,1
DA:15,1
DA:16,1
DA:19,1
DA:20,11
DA:25,1
DA:26,2
DA:32,1
DA:36,2
DA:42,1
DA:47,2
DA:57,1
DA:61,2
DA:67,1
DA:68,2
LF:17
LH:17
BRDA:34,0,0,1
BRDA:34,0,1,0
BRDA:34,1,0,1
BRDA:34,1,1,1
BRDA:45,2,0,1
BRDA:45,2,1,0
BRDA:45,3,0,1
BRDA:45,3,1,1
BRDA:20,4,0,1
BRDA:20,4,1,0
BRDA:20,5,0,1
BRDA:20,5,1,1
BRF:12
BRH:9
end_of_record
TN:
SF:src/modules/projects/projects.module.ts
FNF:0
FNH:0
DA:1,0
DA:2,0
DA:3,0
DA:4,0
DA:11,0
LF:5
LH:0
BRF:0
BRH:0
end_of_record
TN:
SF:src/modules/projects/projects.service.ts
FN:14,(anonymous_2)
FN:15,(anonymous_3)
FN:40,(anonymous_4)
FN:73,(anonymous_5)
FN:105,(anonymous_6)
FN:127,(anonymous_7)
FNF:6
FNH:6
FNDA:21,(anonymous_2)
FNDA:6,(anonymous_3)
FNDA:5,(anonymous_4)
FNDA:5,(anonymous_5)
FNDA:4,(anonymous_6)
FNDA:5,(anonymous_7)
DA:1,2
DA:7,2
DA:11,2
DA:12,21
DA:14,21
DA:16,6
DA:17,6
DA:19,6
DA:24,3
DA:26,3
DA:30,3
DA:34,3
DA:41,5
DA:42,5
DA:47,5
DA:51,5
DA:57,3
DA:59,3
DA:63,2
DA:67,2
DA:78,5
DA:79,5
DA:83,5
DA:89,3
DA:91,3
DA:95,2
DA:99,2
DA:106,4
DA:107,4
DA:109,4
DA:111,2
DA:113,2
DA:117,2
DA:121,2
DA:128,5
DA:129,5
DA:131,5
DA:136,3
DA:138,3
DA:142,2
DA:146,2
LF:41
LH:41
BRDA:14,0,0,2
BRDA:14,0,1,0
BRDA:14,1,0,2
BRDA:14,1,1,2
BRF:4
BRH:3
end_of_record
TN:
SF:src/modules/projects/dtos/create-project.dto.ts
FNF:0
FNH:0
DA:12,1
LF:1
LH:1
BRF:0
BRH:0
end_of_record
TN:
SF:src/modules/projects/dtos/index.ts
FN:1,(anonymous_1)
FN:2,(anonymous_2)
FNF:2
FNH:2
FNDA:2,(anonymous_1)
FNDA:2,(anonymous_2)
DA:1,3
DA:2,3
LF:2
LH:2
BRF:0
BRH:0
end_of_record
TN:
SF:src/modules/projects/dtos/update-project.dto.ts
FNF:0
FNH:0
DA:12,1
LF:1
LH:1
BRF:0
BRH:0
end_of_record
TN:
SF:src/modules/tasks/tasks.controller.ts
FN:20,(anonymous_4)
FN:25,(anonymous_5)
FN:32,(anonymous_6)
FN:42,(anonymous_7)
FN:52,(anonymous_8)
FN:63,(anonymous_9)
FN:73,(anonymous_10)
FNF:7
FNH:7
FNDA:13,(anonymous_4)
FNDA:2,(anonymous_5)
FNDA:2,(anonymous_6)
FNDA:2,(anonymous_7)
FNDA:2,(anonymous_8)
FNDA:2,(anonymous_9)
FNDA:2,(anonymous_10)
DA:1,1
DA:12,1
DA:13,1
DA:15,1
DA:16,1
DA:19,1
DA:20,13
DA:25,1
DA:26,2
DA:32,1
DA:36,2
DA:42,1
DA:46,2
DA:52,1
DA:57,2
DA:63,1
DA:67,2
DA:73,1
DA:74,2
LF:19
LH:19
BRDA:44,0,0,1
BRDA:44,0,1,0
BRDA:44,1,0,1
BRDA:44,1,1,1
BRDA:55,2,0,1
BRDA:55,2,1,0
BRDA:55,3,0,1
BRDA:55,3,1,1
BRDA:20,4,0,1
BRDA:20,4,1,0
BRDA:20,5,0,1
BRDA:20,5,1,1
BRF:12
BRH:9
end_of_record
TN:
SF:src/modules/tasks/tasks.module.ts
FNF:0
FNH:0
DA:1,0
DA:2,0
DA:3,0
DA:4,0
DA:11,0
LF:5
LH:0
BRF:0
BRH:0
end_of_record
TN:
SF:src/modules/tasks/tasks.service.ts
FN:14,(anonymous_2)
FN:15,(anonymous_3)
FN:40,(anonymous_4)
FN:69,(anonymous_5)
FN:102,(anonymous_6)
FN:134,(anonymous_7)
FN:156,(anonymous_8)
FNF:7
FNH:7
FNDA:25,(anonymous_2)
FNDA:6,(anonymous_3)
FNDA:5,(anonymous_4)
FNDA:5,(anonymous_5)
FNDA:5,(anonymous_6)
FNDA:4,(anonymous_7)
FNDA:5,(anonymous_8)
DA:1,2
DA:7,2
DA:11,2
DA:12,25
DA:14,25
DA:16,6
DA:17,6
DA:19,6
DA:24,3
DA:26,3
DA:30,3
DA:34,3
DA:41,5
DA:42,5
DA:46,5
DA:51,3
DA:55,3
DA:59,2
DA:63,2
DA:70,5
DA:71,5
DA:76,5
DA:80,5
DA:86,3
DA:88,3
DA:92,2
DA:96,2
DA:107,5
DA:108,5
DA:112,5
DA:118,3
DA:120,3
DA:124,2
DA:128,2
DA:135,4
DA:136,4
DA:138,4
DA:140,2
DA:142,2
DA:146,2
DA:150,2
DA:157,5
DA:158,5
DA:160,5
DA:165,3
DA:167,3
DA:171,2
DA:175,2
LF:48
LH:48
BRDA:14,0,0,2
BRDA:14,0,1,0
BRDA:14,1,0,2
BRDA:14,1,1,2
BRF:4
BRH:3
end_of_record
TN:
SF:src/modules/tasks/dtos/create-task.dto.ts
FNF:0
FNH:0
DA:1,1
LF:1
LH:1
BRF:0
BRH:0
end_of_record
TN:
SF:src/modules/tasks/dtos/index.ts
FNF:0
FNH:0
DA:1,1
DA:2,1
LF:2
LH:2
BRF:0
BRH:0
end_of_record
TN:
SF:src/modules/tasks/dtos/update-task.dto.ts
FNF:0
FNH:0
DA:1,1
LF:1
LH:1
BRF:0
BRH:0
end_of_record
TN:
SF:src/services/http-client.service.ts
FN:9,(anonymous_2)
FN:18,(anonymous_3)
FN:25,(anonymous_4)
FN:38,(anonymous_5)
FN:51,(anonymous_6)
FN:64,(anonymous_7)
FNF:6
FNH:6
FNDA:20,(anonymous_2)
FNDA:18,(anonymous_3)
FNDA:9,(anonymous_4)
FNDA:3,(anonymous_5)
FNDA:3,(anonymous_6)
FNDA:3,(anonymous_7)
DA:1,9
DA:2,9
DA:3,9
DA:6,9
DA:7,20
DA:9,20
DA:11,20
DA:19,18
DA:30,9
DA:31,9
DA:32,9
DA:35,8
DA:44,3
DA:45,3
DA:48,2
DA:57,3
DA:58,3
DA:61,2
DA:69,3
DA:70,3
DA:73,2
LF:21
LH:21
BRDA:12,0,0,20
BRDA:12,0,1,19
BRDA:13,1,0,20
BRDA:13,1,1,19
BRDA:14,2,0,20
BRDA:14,2,1,19
BRDA:15,3,0,20
BRDA:15,3,1,19
BRDA:9,4,0,9
BRDA:9,4,1,0
BRDA:9,5,0,9
BRDA:9,5,1,9
BRF:12
BRH:11
end_of_record
TN:
SF:src/services/services.module.ts
FNF:0
FNH:0
DA:1,0
DA:2,0
DA:3,0
DA:10,0
LF:4
LH:0
BRF:0
BRH:0
end_of_record
